<?xml version="1.0" encoding="UTF-8"?>
<!-- Generated by org.testng.reporters.JUnitReportReporter -->
<testsuite hostname="user-PC" failures="0" tests="2" name="com.TestNG.TestNGBasics" time="0.019" errors="0" timestamp="2019-11-19T16:59:30 IST" skipped="0">
  <testcase classname="com.TestNG.TestNGBasics" name="SearchTest" time="0.011"/>
  <testcase classname="com.TestNG.TestNGBasics" name="googleTitleTest" time="0.008"/>
</testsuite> <!-- com.TestNG.TestNGBasics -->
