<?xml version="1.0" encoding="UTF-8"?>
<!-- Generated by org.testng.reporters.JUnitReportReporter -->
<testsuite hostname="user-PC" failures="0" tests="2" name="com.TestNG.GoogleTitleTest" time="15.502" errors="0" timestamp="2019-11-19T16:59:30 IST" skipped="0">
  <testcase classname="com.TestNG.GoogleTitleTest" name="logoTest" time="7.744"/>
  <testcase classname="com.TestNG.GoogleTitleTest" name="googleTitleTest" time="7.758"/>
</testsuite> <!-- com.TestNG.GoogleTitleTest -->
