<?xml version="1.0" encoding="UTF-8"?>
<!-- Generated by org.testng.reporters.JUnitReportReporter -->
<testsuite hostname="user-PC" failures="0" tests="1" name="com.paramters.ParameterTest" time="22.517" errors="0" timestamp="2019-11-20T14:16:29 IST" skipped="0">
  <testcase classname="com.paramters.ParameterTest" name="yahooLoginTest" time="22.517"/>
</testsuite> <!-- com.paramters.ParameterTest -->
