<?xml version="1.0" encoding="UTF-8"?>
<!-- Generated by org.testng.reporters.JUnitReportReporter -->
<testsuite hostname="user-PC" failures="0" tests="4" name="com.TestNG.GoogleTest" time="47.037" errors="0" timestamp="2019-11-19T16:59:30 IST" skipped="0">
  <testcase classname="com.TestNG.GoogleTest" name="googleTitleTest" time="7.899"/>
  <testcase classname="com.TestNG.GoogleTest" name="maillinkTest" time="11.321"/>
  <testcase classname="com.TestNG.GoogleTest" name="logoTest" time="11.710"/>
  <testcase classname="com.TestNG.GoogleTest" name="test1" time="16.107"/>
</testsuite> <!-- com.TestNG.GoogleTest -->
