<?xml version="1.0" encoding="UTF-8"?>
<!-- Generated by org.testng.reporters.JUnitReportReporter -->
<testsuite hostname="user-PC" failures="0" tests="10" name="com.TestNG.InvocationTest" time="0.009" errors="0" timestamp="2019-11-19T16:59:30 IST" skipped="0">
  <testcase classname="com.TestNG.InvocationTest" name="sum" time="0.001"/>
  <testcase classname="com.TestNG.InvocationTest" name="sum" time="0.001"/>
  <testcase classname="com.TestNG.InvocationTest" name="sum" time="0.000"/>
  <testcase classname="com.TestNG.InvocationTest" name="sum" time="0.001"/>
  <testcase classname="com.TestNG.InvocationTest" name="sum" time="0.001"/>
  <testcase classname="com.TestNG.InvocationTest" name="sum" time="0.002"/>
  <testcase classname="com.TestNG.InvocationTest" name="sum" time="0.000"/>
  <testcase classname="com.TestNG.InvocationTest" name="sum" time="0.001"/>
  <testcase classname="com.TestNG.InvocationTest" name="sum" time="0.001"/>
  <testcase classname="com.TestNG.InvocationTest" name="sum" time="0.001"/>
</testsuite> <!-- com.TestNG.InvocationTest -->
